<?xml version="1.0" encoding="UTF-8"?>
<testng-results ignored="0" total="1" passed="1" failed="0" skipped="0">
  <reporter-output>
  </reporter-output>
  <suite started-at="2021-07-25T14:33:55 EDT" name="Suite" finished-at="2021-07-25T14:33:58 EDT" duration-ms="2453">
    <groups>
      <group name="cucumber">
        <method signature="AbstractTestNGCucumberTests.runScenario(io.cucumber.testng.PickleWrapper,io.cucumber.testng.FeatureWrapper)[pri:0, instance:com.runner.runner@6da21078]" name="runScenario" class="io.cucumber.testng.AbstractTestNGCucumberTests"/>
      </group> <!-- cucumber -->
    </groups>
    <test started-at="2021-07-25T14:33:55 EDT" name="Test" finished-at="2021-07-25T14:33:58 EDT" duration-ms="2453">
      <class name="com.runner.runner">
        <test-method is-config="true" signature="setup()[pri:0, instance:com.runner.runner@6da21078]" started-at="2021-07-25T14:33:55 EDT" name="setup" finished-at="2021-07-25T14:33:55 EDT" duration-ms="12" status="PASS">
          <reporter-output>
          </reporter-output>
        </test-method> <!-- setup -->
        <test-method is-config="true" signature="setUpClass()[pri:0, instance:com.runner.runner@6da21078]" started-at="2021-07-25T14:33:55 EDT" name="setUpClass" finished-at="2021-07-25T14:33:56 EDT" duration-ms="644" status="PASS">
          <reporter-output>
          </reporter-output>
        </test-method> <!-- setUpClass -->
        <test-method signature="test()[pri:0, instance:com.runner.runner@6da21078]" started-at="2021-07-25T14:33:56 EDT" name="test" finished-at="2021-07-25T14:33:56 EDT" duration-ms="6" status="PASS">
          <reporter-output>
          </reporter-output>
        </test-method> <!-- test -->
        <test-method is-config="true" signature="tearDownClass()[pri:0, instance:com.runner.runner@6da21078]" started-at="2021-07-25T14:33:56 EDT" name="tearDownClass" finished-at="2021-07-25T14:33:58 EDT" duration-ms="1738" status="PASS">
          <reporter-output>
          </reporter-output>
        </test-method> <!-- tearDownClass -->
        <test-method is-config="true" signature="teardown()[pri:0, instance:com.runner.runner@6da21078]" started-at="2021-07-25T14:33:58 EDT" name="teardown" finished-at="2021-07-25T14:33:58 EDT" duration-ms="0" status="PASS">
          <reporter-output>
          </reporter-output>
        </test-method> <!-- teardown -->
      </class> <!-- com.runner.runner -->
    </test> <!-- Test -->
  </suite> <!-- Suite -->
</testng-results>
