<?xml version="1.0" encoding="UTF-8"?>
<testng-results ignored="0" total="1" passed="1" failed="0" skipped="0">
  <reporter-output>
  </reporter-output>
  <suite started-at="2021-07-13T23:22:09 EDT" name="Default suite" finished-at="2021-07-13T23:22:25 EDT" duration-ms="15210">
    <groups>
    </groups>
    <test started-at="2021-07-13T23:22:09 EDT" name="Default test" finished-at="2021-07-13T23:22:25 EDT" duration-ms="15210">
      <class name="com.smoke.SmokeTestExection">
        <test-method is-config="true" signature="setup()[pri:0, instance:com.smoke.SmokeTestExection@625732]" started-at="2021-07-13T23:22:09 EDT" name="setup" finished-at="2021-07-13T23:22:18 EDT" duration-ms="9007" status="PASS">
          <reporter-output>
          </reporter-output>
        </test-method> <!-- setup -->
        <test-method signature="loginTest()[pri:0, instance:com.smoke.SmokeTestExection@625732]" started-at="2021-07-13T23:22:18 EDT" name="loginTest" finished-at="2021-07-13T23:22:24 EDT" duration-ms="5211" status="PASS">
          <reporter-output>
          </reporter-output>
        </test-method> <!-- loginTest -->
        <test-method is-config="true" signature="teardown()[pri:0, instance:com.smoke.SmokeTestExection@625732]" started-at="2021-07-13T23:22:24 EDT" name="teardown" finished-at="2021-07-13T23:22:25 EDT" duration-ms="934" status="PASS">
          <reporter-output>
          </reporter-output>
        </test-method> <!-- teardown -->
      </class> <!-- com.smoke.SmokeTestExection -->
    </test> <!-- Default test -->
  </suite> <!-- Default suite -->
</testng-results>
